 Volume in drive Y is era
 Volume Serial Number is A54E-0105

 Directory of Y:\metadata\pg

11/02/2010  10:53    <DIR>          .
21/01/2010  10:14    <DIR>          ..
07/03/2006  10:35             1,983 parkgrass_history.php
06/03/2006  11:41               241 parkgrass_today.php
03/03/2006  10:19           294,904 PG20June05e.jpg
06/03/2006  12:32            84,480 Park Grass plan in excel (Portrait) Version 3.xls
06/03/2006  11:35            31,864 parkgrass2006.pdf
03/03/2006  10:16            31,323 ParkGrassPlan.pdf
06/03/2006  11:36            52,736 Thumbs.db
10/02/2006  10:43           172,668 parkgrass.gif
03/03/2006  10:19           194,081 PGMay1999Plot3close-up.jpg
03/03/2006  10:19            68,777 PGMay1999Plot14.1v14.2.jpg
03/03/2006  10:19           472,039 PG11-2dand12d09JUNE05j.jpg
09/03/2006  11:23            17,523 ty_PG11-2dand12d09JUNE05j.jpg
03/03/2006  10:19           262,137 PG20June05g.jpg
10/02/2010  14:54           130,539 PG1865.jpg
10/02/2010  14:58           112,407 PG1881.jpg
11/02/2010  10:53                97 temp.out
03/03/2006  10:19           262,137 PG20June05k.jpg
03/03/2006  10:19           240,417 PG20June05b.jpg
03/03/2006  10:18           179,345 PG20June05n.jpg
09/03/2006  11:24            17,446 ty_PGMay1990Plot1close-up.jpg
03/03/2006  10:19            50,937 PGMay1990Plots14.2v1.jpg
09/03/2006  11:22            18,836 ty_PG20June05e.jpg
21/01/2010  14:37            10,794 index.php
09/03/2006  11:20            22,156 ty_PG1961.jpg
09/03/2006  11:20            20,673 ty_PG1865.jpg
09/03/2006  11:20            28,073 ty_PG20June05n.jpg
09/03/2006  11:21            17,852 ty_PG20June05k.jpg
09/03/2006  11:22            22,192 ty_PG20June05b.jpg
09/03/2006  11:21            18,563 ty_PG20June05g.jpg
09/03/2006  11:25            16,354 ty_PGMay1990Plots14.2v1.jpg
09/03/2006  11:23             6,489 ty_parkgrass.gif
09/03/2006  11:24            17,658 ty_PGMay1999Plot14.1v14.2.jpg
09/03/2006  11:24            20,992 ty_PGMay1999Plot3close-up.jpg
03/03/2006  10:19            74,238 PGMay1990Plot1close-up.jpg
22/04/2008  17:05                18 test.php
15/10/2009  12:34             7,082 index_original.php
17/08/2009  13:10         3,897,856 Park Grass Conference Hand-out.ppt
19/01/2010  16:20             9,618 index.php.$$$
19/01/2010  15:41            21,052 Park Grass plan 1965 onwards.pdf
19/01/2010  15:57            73,103 Park Grass Chalk Applics 1965-2009.pdf
19/01/2010  09:54            14,154 Park Grass fertilizer treatments.pdf
19/01/2010  09:46            20,279 Park Grass Lime Chalk Applics1856-1902.pdf
19/01/2010  15:36            48,717 Park Grass Lime Chalk Applics1903-1964.pdf
18/01/2010  13:50            13,688 Park Grass lime treatments.pdf
19/01/2010  15:45            17,208 Park Grass plan 1856-1902.pdf
19/01/2010  15:39            20,922 Park Grass plan 1903-1964.pdf
10/02/2010  15:00           106,359 PG1961.jpg
20/01/2010  09:42            18,226 ty_PG1881.jpg
20/01/2010  09:43             9,446 index_copy.php
18/11/2009  12:05            62,209 parkgrassharvest.jpg
20/01/2010  12:20            15,203 ty_parkgrassharvest.jpg
20/01/2010  12:43            20,019 ty_23 May 2005 aerial.jpg
20/01/2010  12:26           209,037 parkgrassharvest.gif
21/01/2010  12:25           324,775 23May2005aerial.jpg
21/01/2010  14:36           336,836 23May2005aerial_low.jpg
28/02/2006  14:39           315,187 PG1865ori.jpg
28/02/2006  14:38           178,659 PG1881ori.jpg
28/02/2006  14:41           413,813 PG1961ori.jpg
              58 File(s)      9,126,417 bytes
               2 Dir(s)   3,572,281,344 bytes free
